2023-02-10 02:35:53 info: Server start Listening on port 3000
2023-02-10 02:36:04 info: Server start Listening on port 3000
2023-02-10 02:36:23 info: -----------------------------------------------ì‘ë‹µ ê²°ê³¼ -----------------------------------------------
 ìš”ì²­_ GET | url_'/' | Request_{} | Status_[32m200[35m | ì‘ë‹µì‹œê°„_ 3.221 ms ( 6ì¤„)

2023-02-10 02:36:24 info: -----------------------------------------------ì‘ë‹µ ê²°ê³¼ -----------------------------------------------
 ìš”ì²­_ GET | url_'/favicon.ico' | Request_{} | Status_[33m401[35m | ì‘ë‹µì‹œê°„_ 0.876 ms ( 10ì¤„)

2023-02-10 02:36:30 info: -----------------------------------------------ì‘ë‹µ ê²°ê³¼ -----------------------------------------------
 ìš”ì²­_ GET | url_'/users' | Request_{} | Status_[33m401[35m | ì‘ë‹µì‹œê°„_ 0.536 ms ( 10ì¤„)

2023-02-10 02:36:31 info: -----------------------------------------------ì‘ë‹µ ê²°ê³¼ -----------------------------------------------
 ìš”ì²­_ GET | url_'/favicon.ico' | Request_{} | Status_[33m401[35m | ì‘ë‹µì‹œê°„_ 0.411 ms ( 10ì¤„)

2023-02-10 02:36:45 info: -----------------------------------------------ì‘ë‹µ ê²°ê³¼ -----------------------------------------------
 ìš”ì²­_ GET | url_'/users/1/~/10' | Request_{} | Status_[33m404[35m | ì‘ë‹µì‹œê°„_ 2.086 ms ( 151ì¤„)

2023-02-10 02:36:55 info: -----------------------------------------------ì‘ë‹µ ê²°ê³¼ -----------------------------------------------
 ìš”ì²­_ GET | url_'/user/1/~/10' | Request_{} | Status_[32m200[35m | ì‘ë‹µì‹œê°„_ 40.081 ms ( 2999ì¤„)

2023-02-10 02:36:55 info: -----------------------------------------------ì‘ë‹µ ê²°ê³¼ -----------------------------------------------
 ìš”ì²­_ GET | url_'/favicon.ico' | Request_{} | Status_[33m401[35m | ì‘ë‹µì‹œê°„_ 0.353 ms ( 10ì¤„)

2023-02-10 02:38:14 info: -----------------------------------------------ì‘ë‹µ ê²°ê³¼ -----------------------------------------------
 ìš”ì²­_ GET | url_'/user/1/~/10' | Request_{} | Status_[36m304[35m | ì‘ë‹µì‹œê°„_ 5.135 ms ( -ì¤„)

2023-02-10 02:38:15 info: -----------------------------------------------ì‘ë‹µ ê²°ê³¼ -----------------------------------------------
 ìš”ì²­_ GET | url_'/favicon.ico' | Request_{} | Status_[33m401[35m | ì‘ë‹µì‹œê°„_ 0.351 ms ( 10ì¤„)

2023-02-10 02:55:44 info: -----------------------------------------------ì‘ë‹µ ê²°ê³¼ -----------------------------------------------
 ìš”ì²­_ GET | url_'/' | Request_{} | Status_[32m200[35m | ì‘ë‹µì‹œê°„_ 0.348 ms ( 6ì¤„)

